<?xml version="1.0" encoding="UTF-8"?>
<coverage generated="1785528986840" clover="3.2.0">
  <project timestamp="1785528986840" name="All files">
    <metrics statements="128" coveredstatements="125" conditionals="63" coveredconditionals="47" methods="35" coveredmethods="34" elements="226" coveredelements="206" complexity="0" loc="128" ncloc="128" packages="5" files="10" classes="10"/>
    <package name="components.login">
      <metrics statements="24" coveredstatements="24" conditionals="14" coveredconditionals="13" methods="5" coveredmethods="5"/>
      <file name="LoginForm.tsx" path="C:\Users\goliveira\Desktop\bayarchon\front-end\src\components\login\LoginForm.tsx">
        <metrics statements="24" coveredstatements="24" conditionals="14" coveredconditionals="13" methods="5" coveredmethods="5"/>
        <line num="20" count="1" type="stmt"/>
        <line num="28" count="32" type="stmt"/>
        <line num="30" count="32" type="stmt"/>
        <line num="31" count="32" type="stmt"/>
        <line num="32" count="32" type="stmt"/>
        <line num="34" count="32" type="stmt"/>
        <line num="44" count="3" type="stmt"/>
        <line num="45" count="3" type="stmt"/>
        <line num="47" count="3" type="stmt"/>
        <line num="52" count="3" type="cond" truecount="2" falsecount="0"/>
        <line num="53" count="2" type="cond" truecount="2" falsecount="0"/>
        <line num="54" count="1" type="stmt"/>
        <line num="56" count="1" type="stmt"/>
        <line num="58" count="2" type="stmt"/>
        <line num="59" count="2" type="stmt"/>
        <line num="62" count="1" type="stmt"/>
        <line num="63" count="1" type="stmt"/>
        <line num="65" count="1" type="stmt"/>
        <line num="66" count="1" type="stmt"/>
        <line num="70" count="32" type="cond" truecount="2" falsecount="0"/>
        <line num="71" count="1" type="stmt"/>
        <line num="88" count="31" type="stmt"/>
        <line num="106" count="91" type="stmt"/>
        <line num="132" count="68" type="stmt"/>
      </file>
    </package>
    <package name="components.ui">
      <metrics statements="47" coveredstatements="44" conditionals="17" coveredconditionals="15" methods="15" coveredmethods="14"/>
      <file name="button.tsx" path="C:\Users\goliveira\Desktop\bayarchon\front-end\src\components\ui\button.tsx">
        <metrics statements="3" coveredstatements="3" conditionals="5" coveredconditionals="4" methods="1" coveredmethods="1"/>
        <line num="7" count="2" type="stmt"/>
        <line num="54" count="33" type="cond" truecount="1" falsecount="1"/>
        <line num="56" count="33" type="stmt"/>
      </file>
      <file name="form.tsx" path="C:\Users\goliveira\Desktop\bayarchon\front-end\src\components\ui\form.tsx">
        <metrics statements="37" coveredstatements="34" conditionals="10" coveredconditionals="9" methods="7" coveredmethods="6"/>
        <line num="11" count="1" type="stmt"/>
        <line num="20" count="1" type="stmt"/>
        <line num="24" count="1" type="stmt"/>
        <line num="30" count="62" type="stmt"/>
        <line num="37" count="1" type="stmt"/>
        <line num="38" count="477" type="stmt"/>
        <line num="39" count="477" type="stmt"/>
        <line num="40" count="477" type="stmt"/>
        <line num="42" count="477" type="stmt"/>
        <line num="44" count="477" type="cond" truecount="1" falsecount="1"/>
        <line num="45" count="0" type="stmt"/>
        <line num="48" count="477" type="stmt"/>
        <line num="50" count="477" type="stmt"/>
        <line num="64" count="1" type="stmt"/>
        <line num="68" count="1" type="stmt"/>
        <line num="72" count="159" type="stmt"/>
        <line num="74" count="159" type="stmt"/>
        <line num="80" count="1" type="stmt"/>
        <line num="82" count="1" type="stmt"/>
        <line num="86" count="159" type="stmt"/>
        <line num="88" count="159" type="stmt"/>
        <line num="97" count="1" type="stmt"/>
        <line num="99" count="1" type="stmt"/>
        <line num="104" count="159" type="stmt"/>
        <line num="106" count="159" type="stmt"/>
        <line num="120" count="1" type="stmt"/>
        <line num="122" count="1" type="stmt"/>
        <line num="126" count="0" type="stmt"/>
        <line num="128" count="0" type="stmt"/>
        <line num="137" count="1" type="stmt"/>
        <line num="139" count="1" type="stmt"/>
        <line num="143" count="159" type="stmt"/>
        <line num="144" count="159" type="cond" truecount="2" falsecount="0"/>
        <line num="146" count="159" type="cond" truecount="2" falsecount="0"/>
        <line num="147" count="82" type="stmt"/>
        <line num="150" count="77" type="stmt"/>
        <line num="161" count="1" type="stmt"/>
      </file>
      <file name="input.tsx" path="C:\Users\goliveira\Desktop\bayarchon\front-end\src\components\ui\input.tsx">
        <metrics statements="1" coveredstatements="1" conditionals="0" coveredconditionals="0" methods="1" coveredmethods="1"/>
        <line num="6" count="159" type="stmt"/>
      </file>
      <file name="label.tsx" path="C:\Users\goliveira\Desktop\bayarchon\front-end\src\components\ui\label.tsx">
        <metrics statements="1" coveredstatements="1" conditionals="0" coveredconditionals="0" methods="1" coveredmethods="1"/>
        <line num="10" count="159" type="stmt"/>
      </file>
      <file name="requiredasterisk.tsx" path="C:\Users\goliveira\Desktop\bayarchon\front-end\src\components\ui\requiredasterisk.tsx">
        <metrics statements="1" coveredstatements="1" conditionals="0" coveredconditionals="0" methods="1" coveredmethods="1"/>
        <line num="9" count="159" type="stmt"/>
      </file>
      <file name="tooltip.tsx" path="C:\Users\goliveira\Desktop\bayarchon\front-end\src\components\ui\tooltip.tsx">
        <metrics statements="4" coveredstatements="4" conditionals="2" coveredconditionals="2" methods="4" coveredmethods="4"/>
        <line num="10" count="159" type="stmt"/>
        <line num="22" count="159" type="stmt"/>
        <line num="28" count="159" type="stmt"/>
        <line num="37" count="159" type="stmt"/>
      </file>
    </package>
    <package name="hooks">
      <metrics statements="10" coveredstatements="10" conditionals="0" coveredconditionals="0" methods="10" coveredmethods="10"/>
      <file name="UseAuth.ts" path="C:\Users\goliveira\Desktop\bayarchon\front-end\src\hooks\UseAuth.ts">
        <metrics statements="10" coveredstatements="10" conditionals="0" coveredconditionals="0" methods="10" coveredmethods="10"/>
        <line num="15" count="4" type="stmt"/>
        <line num="16" count="2" type="stmt"/>
        <line num="18" count="1" type="stmt"/>
        <line num="21" count="1" type="stmt"/>
        <line num="27" count="2" type="stmt"/>
        <line num="28" count="1" type="stmt"/>
        <line num="33" count="2" type="stmt"/>
        <line num="34" count="1" type="stmt"/>
        <line num="39" count="2" type="stmt"/>
        <line num="40" count="1" type="stmt"/>
      </file>
    </package>
    <package name="lib">
      <metrics statements="1" coveredstatements="1" conditionals="0" coveredconditionals="0" methods="1" coveredmethods="1"/>
      <file name="utils.ts" path="C:\Users\goliveira\Desktop\bayarchon\front-end\src\lib\utils.ts">
        <metrics statements="1" coveredstatements="1" conditionals="0" coveredconditionals="0" methods="1" coveredmethods="1"/>
        <line num="5" count="905" type="stmt"/>
      </file>
    </package>
    <package name="services">
      <metrics statements="46" coveredstatements="46" conditionals="32" coveredconditionals="19" methods="4" coveredmethods="4"/>
      <file name="auth.service.ts" path="C:\Users\goliveira\Desktop\bayarchon\front-end\src\services\auth.service.ts">
        <metrics statements="46" coveredstatements="46" conditionals="32" coveredconditionals="19" methods="4" coveredmethods="4"/>
        <line num="9" count="3" type="stmt"/>
        <line num="10" count="3" type="stmt"/>
        <line num="12" count="3" type="stmt"/>
        <line num="22" count="3" type="cond" truecount="2" falsecount="0"/>
        <line num="23" count="2" type="stmt"/>
        <line num="26" count="2" type="stmt"/>
        <line num="27" count="2" type="stmt"/>
        <line num="28" count="2" type="stmt"/>
        <line num="31" count="1" type="cond" truecount="1" falsecount="1"/>
        <line num="34" count="2" type="stmt"/>
        <line num="37" count="1" type="stmt"/>
        <line num="51" count="3" type="stmt"/>
        <line num="52" count="3" type="stmt"/>
        <line num="54" count="3" type="stmt"/>
        <line num="67" count="3" type="cond" truecount="2" falsecount="0"/>
        <line num="68" count="2" type="stmt"/>
        <line num="70" count="2" type="stmt"/>
        <line num="71" count="2" type="stmt"/>
        <line num="72" count="2" type="stmt"/>
        <line num="75" count="1" type="cond" truecount="1" falsecount="1"/>
        <line num="77" count="2" type="stmt"/>
        <line num="80" count="1" type="stmt"/>
        <line num="84" count="4" type="stmt"/>
        <line num="85" count="4" type="stmt"/>
        <line num="87" count="4" type="cond" truecount="2" falsecount="0"/>
        <line num="91" count="4" type="stmt"/>
        <line num="107" count="4" type="cond" truecount="2" falsecount="0"/>
        <line num="108" count="2" type="stmt"/>
        <line num="110" count="2" type="stmt"/>
        <line num="111" count="2" type="stmt"/>
        <line num="112" count="2" type="stmt"/>
        <line num="115" count="1" type="cond" truecount="1" falsecount="1"/>
        <line num="117" count="2" type="stmt"/>
        <line num="120" count="2" type="stmt"/>
        <line num="124" count="3" type="stmt"/>
        <line num="125" count="3" type="stmt"/>
        <line num="127" count="3" type="cond" truecount="1" falsecount="1"/>
        <line num="131" count="3" type="stmt"/>
        <line num="144" count="3" type="cond" truecount="2" falsecount="0"/>
        <line num="145" count="2" type="stmt"/>
        <line num="147" count="2" type="stmt"/>
        <line num="148" count="2" type="stmt"/>
        <line num="149" count="2" type="stmt"/>
        <line num="152" count="1" type="cond" truecount="1" falsecount="1"/>
        <line num="154" count="2" type="stmt"/>
        <line num="157" count="1" type="stmt"/>
      </file>
    </package>
  </project>
</coverage>
