{"C:\\Users\\goliveira\\Desktop\\bayarchon\\front-end\\src\\components\\login\\LoginForm.tsx": {"path":"C:\\Users\\goliveira\\Desktop\\bayarchon\\front-end\\src\\components\\login\\LoginForm.tsx","statementMap":{"0":{"start":{"line":20,"column":20},"end":{"line":23,"column":null}},"1":{"start":{"line":28,"column":8},"end":{"line":28,"column":null}},"2":{"start":{"line":30,"column":20},"end":{"line":30,"column":null}},"3":{"start":{"line":31,"column":20},"end":{"line":31,"column":null}},"4":{"start":{"line":32,"column":19},"end":{"line":32,"column":null}},"5":{"start":{"line":34,"column":8},"end":{"line":41,"column":null}},"6":{"start":{"line":44,"column":4},"end":{"line":44,"column":null}},"7":{"start":{"line":45,"column":4},"end":{"line":45,"column":null}},"8":{"start":{"line":47,"column":22},"end":{"line":50,"column":null}},"9":{"start":{"line":52,"column":4},"end":{"line":60,"column":null}},"10":{"start":{"line":53,"column":6},"end":{"line":57,"column":null}},"11":{"start":{"line":54,"column":8},"end":{"line":54,"column":null}},"12":{"start":{"line":56,"column":8},"end":{"line":56,"column":null}},"13":{"start":{"line":58,"column":6},"end":{"line":58,"column":null}},"14":{"start":{"line":59,"column":6},"end":{"line":59,"column":null}},"15":{"start":{"line":62,"column":4},"end":{"line":62,"column":null}},"16":{"start":{"line":63,"column":4},"end":{"line":63,"column":null}},"17":{"start":{"line":65,"column":4},"end":{"line":67,"column":null}},"18":{"start":{"line":66,"column":6},"end":{"line":66,"column":null}},"19":{"start":{"line":70,"column":2},"end":{"line":86,"column":null}},"20":{"start":{"line":71,"column":4},"end":{"line":84,"column":null}},"21":{"start":{"line":88,"column":2},"end":{"line":171,"column":null}},"22":{"start":{"line":106,"column":14},"end":{"line":124,"column":null}},"23":{"start":{"line":132,"column":14},"end":{"line":158,"column":null}}},"fnMap":{"0":{"name":"LoginForm","decl":{"start":{"line":27,"column":16},"end":{"line":27,"column":28}},"loc":{"start":{"line":27,"column":28},"end":{"line":173,"column":null}},"line":27},"1":{"name":"onSubmit","decl":{"start":{"line":43,"column":17},"end":{"line":43,"column":26}},"loc":{"start":{"line":43,"column":49},"end":{"line":68,"column":null}},"line":43},"2":{"name":"(anonymous_2)","decl":{"start":{"line":65,"column":4},"end":{"line":65,"column":21}},"loc":{"start":{"line":65,"column":21},"end":{"line":67,"column":7}},"line":65},"3":{"name":"(anonymous_3)","decl":{"start":{"line":105,"column":12},"end":{"line":105,"column":21}},"loc":{"start":{"line":106,"column":14},"end":{"line":124,"column":null}},"line":106},"4":{"name":"(anonymous_4)","decl":{"start":{"line":131,"column":12},"end":{"line":131,"column":21}},"loc":{"start":{"line":132,"column":14},"end":{"line":158,"column":null}},"line":132}},"branchMap":{"0":{"loc":{"start":{"line":52,"column":4},"end":{"line":60,"column":null}},"type":"if","locations":[{"start":{"line":52,"column":4},"end":{"line":60,"column":null}},{"start":{},"end":{}}],"line":52},"1":{"loc":{"start":{"line":53,"column":6},"end":{"line":57,"column":null}},"type":"if","locations":[{"start":{"line":53,"column":6},"end":{"line":57,"column":null}},{"start":{"line":55,"column":13},"end":{"line":57,"column":null}}],"line":53},"2":{"loc":{"start":{"line":70,"column":2},"end":{"line":86,"column":null}},"type":"if","locations":[{"start":{"line":70,"column":2},"end":{"line":86,"column":null}},{"start":{},"end":{}}],"line":70},"3":{"loc":{"start":{"line":90,"column":7},"end":{"line":96,"column":7}},"type":"binary-expr","locations":[{"start":{"line":90,"column":7},"end":{"line":90,"column":null}},{"start":{"line":91,"column":8},"end":{"line":96,"column":7}}],"line":90},"4":{"loc":{"start":{"line":116,"column":22},"end":{"line":118,"column":null}},"type":"cond-expr","locations":[{"start":{"line":117,"column":26},"end":{"line":117,"column":null}},{"start":{"line":118,"column":26},"end":{"line":118,"column":null}}],"line":116},"5":{"loc":{"start":{"line":150,"column":22},"end":{"line":152,"column":null}},"type":"cond-expr","locations":[{"start":{"line":151,"column":26},"end":{"line":151,"column":null}},{"start":{"line":152,"column":26},"end":{"line":152,"column":null}}],"line":150},"6":{"loc":{"start":{"line":167,"column":13},"end":{"line":167,"column":null}},"type":"cond-expr","locations":[{"start":{"line":167,"column":25},"end":{"line":167,"column":42}},{"start":{"line":167,"column":42},"end":{"line":167,"column":null}}],"line":167}},"s":{"0":1,"1":41,"2":41,"3":41,"4":41,"5":41,"6":4,"7":4,"8":4,"9":4,"10":2,"11":1,"12":1,"13":2,"14":2,"15":2,"16":2,"17":2,"18":1,"19":41,"20":1,"21":40,"22":120,"23":92},"f":{"0":41,"1":4,"2":1,"3":120,"4":92},"b":{"0":[2,2],"1":[1,1],"2":[1,40],"3":[40,2],"4":[77,43],"5":[25,67],"6":[1,39]},"meta":{"lastBranch":7,"lastFunction":5,"lastStatement":24,"seen":{"s:20:20:23:Infinity":0,"f:27:16:27:28":0,"s:28:8:28:Infinity":1,"s:30:20:30:Infinity":2,"s:31:20:31:Infinity":3,"s:32:19:32:Infinity":4,"s:34:8:41:Infinity":5,"f:43:17:43:26":1,"s:44:4:44:Infinity":6,"s:45:4:45:Infinity":7,"s:47:22:50:Infinity":8,"b:52:4:60:Infinity:undefined:undefined:undefined:undefined":0,"s:52:4:60:Infinity":9,"b:53:6:57:Infinity:55:13:57:Infinity":1,"s:53:6:57:Infinity":10,"s:54:8:54:Infinity":11,"s:56:8:56:Infinity":12,"s:58:6:58:Infinity":13,"s:59:6:59:Infinity":14,"s:62:4:62:Infinity":15,"s:63:4:63:Infinity":16,"s:65:4:67:Infinity":17,"f:65:4:65:21":2,"s:66:6:66:Infinity":18,"b:70:2:86:Infinity:undefined:undefined:undefined:undefined":2,"s:70:2:86:Infinity":19,"s:71:4:84:Infinity":20,"s:88:2:171:Infinity":21,"b:90:7:90:Infinity:91:8:96:7":3,"f:105:12:105:21":3,"s:106:14:124:Infinity":22,"b:117:26:117:Infinity:118:26:118:Infinity":4,"f:131:12:131:21":4,"s:132:14:158:Infinity":23,"b:151:26:151:Infinity:152:26:152:Infinity":5,"b:167:25:167:42:167:42:167:Infinity":6},"fnNames":{}}}
,"C:\\Users\\goliveira\\Desktop\\bayarchon\\front-end\\src\\components\\ui\\button.tsx": {"path":"C:\\Users\\goliveira\\Desktop\\bayarchon\\front-end\\src\\components\\ui\\button.tsx","statementMap":{"0":{"start":{"line":7,"column":6},"end":{"line":42,"column":null}},"1":{"start":{"line":54,"column":15},"end":{"line":54,"column":null}},"2":{"start":{"line":56,"column":2},"end":{"line":63,"column":null}}},"fnMap":{"0":{"name":"Button","decl":{"start":{"line":44,"column":9},"end":{"line":44,"column":16}},"loc":{"start":{"line":53,"column":5},"end":{"line":65,"column":null}},"line":53}},"branchMap":{"0":{"loc":{"start":{"line":46,"column":2},"end":{"line":46,"column":null}},"type":"default-arg","locations":[{"start":{"line":46,"column":12},"end":{"line":46,"column":null}}],"line":46},"1":{"loc":{"start":{"line":47,"column":2},"end":{"line":47,"column":null}},"type":"default-arg","locations":[{"start":{"line":47,"column":9},"end":{"line":47,"column":null}}],"line":47},"2":{"loc":{"start":{"line":48,"column":2},"end":{"line":48,"column":null}},"type":"default-arg","locations":[{"start":{"line":48,"column":12},"end":{"line":48,"column":null}}],"line":48},"3":{"loc":{"start":{"line":54,"column":15},"end":{"line":54,"column":null}},"type":"cond-expr","locations":[{"start":{"line":54,"column":25},"end":{"line":54,"column":37}},{"start":{"line":54,"column":37},"end":{"line":54,"column":null}}],"line":54}},"s":{"0":2,"1":42,"2":42},"f":{"0":42},"b":{"0":[42],"1":[42],"2":[42],"3":[0,42]},"meta":{"lastBranch":4,"lastFunction":1,"lastStatement":3,"seen":{"s:7:6:42:Infinity":0,"f:44:9:44:16":0,"b:46:12:46:Infinity":0,"b:47:9:47:Infinity":1,"b:48:12:48:Infinity":2,"s:54:15:54:Infinity":1,"b:54:25:54:37:54:37:54:Infinity":3,"s:56:2:63:Infinity":2},"fnNames":{}}}
,"C:\\Users\\goliveira\\Desktop\\bayarchon\\front-end\\src\\components\\ui\\form.tsx": {"path":"C:\\Users\\goliveira\\Desktop\\bayarchon\\front-end\\src\\components\\ui\\form.tsx","statementMap":{"0":{"start":{"line":11,"column":13},"end":{"line":11,"column":null}},"1":{"start":{"line":20,"column":25},"end":{"line":22,"column":null}},"2":{"start":{"line":24,"column":6},"end":{"line":35,"column":null}},"3":{"start":{"line":30,"column":2},"end":{"line":33,"column":null}},"4":{"start":{"line":37,"column":6},"end":{"line":58,"column":null}},"5":{"start":{"line":38,"column":23},"end":{"line":38,"column":null}},"6":{"start":{"line":39,"column":22},"end":{"line":39,"column":null}},"7":{"start":{"line":40,"column":25},"end":{"line":40,"column":null}},"8":{"start":{"line":42,"column":21},"end":{"line":42,"column":null}},"9":{"start":{"line":44,"column":2},"end":{"line":46,"column":null}},"10":{"start":{"line":45,"column":4},"end":{"line":45,"column":null}},"11":{"start":{"line":48,"column":17},"end":{"line":48,"column":null}},"12":{"start":{"line":50,"column":2},"end":{"line":57,"column":null}},"13":{"start":{"line":64,"column":24},"end":{"line":66,"column":null}},"14":{"start":{"line":68,"column":17},"end":{"line":79,"column":null}},"15":{"start":{"line":72,"column":13},"end":{"line":72,"column":null}},"16":{"start":{"line":74,"column":2},"end":{"line":77,"column":null}},"17":{"start":{"line":80,"column":0},"end":{"line":80,"column":null}},"18":{"start":{"line":82,"column":18},"end":{"line":96,"column":null}},"19":{"start":{"line":86,"column":32},"end":{"line":86,"column":null}},"20":{"start":{"line":88,"column":2},"end":{"line":94,"column":null}},"21":{"start":{"line":97,"column":0},"end":{"line":97,"column":null}},"22":{"start":{"line":99,"column":20},"end":{"line":119,"column":null}},"23":{"start":{"line":104,"column":4},"end":{"line":104,"column":null}},"24":{"start":{"line":106,"column":2},"end":{"line":117,"column":null}},"25":{"start":{"line":120,"column":0},"end":{"line":120,"column":null}},"26":{"start":{"line":122,"column":24},"end":{"line":136,"column":null}},"27":{"start":{"line":126,"column":32},"end":{"line":126,"column":null}},"28":{"start":{"line":128,"column":2},"end":{"line":134,"column":null}},"29":{"start":{"line":137,"column":0},"end":{"line":137,"column":null}},"30":{"start":{"line":139,"column":20},"end":{"line":160,"column":null}},"31":{"start":{"line":143,"column":35},"end":{"line":143,"column":null}},"32":{"start":{"line":144,"column":15},"end":{"line":144,"column":null}},"33":{"start":{"line":146,"column":2},"end":{"line":148,"column":null}},"34":{"start":{"line":147,"column":4},"end":{"line":147,"column":null}},"35":{"start":{"line":150,"column":2},"end":{"line":158,"column":null}},"36":{"start":{"line":161,"column":0},"end":{"line":161,"column":null}}},"fnMap":{"0":{"name":"(anonymous_0)","decl":{"start":{"line":24,"column":6},"end":{"line":24,"column":null}},"loc":{"start":{"line":29,"column":5},"end":{"line":35,"column":null}},"line":29},"1":{"name":"(anonymous_1)","decl":{"start":{"line":37,"column":6},"end":{"line":37,"column":27}},"loc":{"start":{"line":37,"column":27},"end":{"line":58,"column":null}},"line":37},"2":{"name":"(anonymous_2)","decl":{"start":{"line":68,"column":23},"end":{"line":68,"column":null}},"loc":{"start":{"line":71,"column":36},"end":{"line":79,"column":1}},"line":71},"3":{"name":"(anonymous_3)","decl":{"start":{"line":82,"column":24},"end":{"line":82,"column":null}},"loc":{"start":{"line":85,"column":36},"end":{"line":96,"column":1}},"line":85},"4":{"name":"(anonymous_4)","decl":{"start":{"line":99,"column":26},"end":{"line":99,"column":null}},"loc":{"start":{"line":102,"column":25},"end":{"line":119,"column":1}},"line":102},"5":{"name":"(anonymous_5)","decl":{"start":{"line":122,"column":30},"end":{"line":122,"column":null}},"loc":{"start":{"line":125,"column":36},"end":{"line":136,"column":1}},"line":125},"6":{"name":"(anonymous_6)","decl":{"start":{"line":139,"column":26},"end":{"line":139,"column":null}},"loc":{"start":{"line":142,"column":46},"end":{"line":160,"column":1}},"line":142}},"branchMap":{"0":{"loc":{"start":{"line":44,"column":2},"end":{"line":46,"column":null}},"type":"if","locations":[{"start":{"line":44,"column":2},"end":{"line":46,"column":null}},{"start":{},"end":{}}],"line":44},"1":{"loc":{"start":{"line":91,"column":20},"end":{"line":91,"column":49}},"type":"binary-expr","locations":[{"start":{"line":91,"column":20},"end":{"line":91,"column":29}},{"start":{"line":91,"column":29},"end":{"line":91,"column":49}}],"line":91},"2":{"loc":{"start":{"line":111,"column":8},"end":{"line":113,"column":null}},"type":"cond-expr","locations":[{"start":{"line":112,"column":12},"end":{"line":112,"column":null}},{"start":{"line":113,"column":12},"end":{"line":113,"column":null}}],"line":111},"3":{"loc":{"start":{"line":144,"column":15},"end":{"line":144,"column":null}},"type":"cond-expr","locations":[{"start":{"line":144,"column":23},"end":{"line":144,"column":48}},{"start":{"line":144,"column":48},"end":{"line":144,"column":null}}],"line":144},"4":{"loc":{"start":{"line":146,"column":2},"end":{"line":148,"column":null}},"type":"if","locations":[{"start":{"line":146,"column":2},"end":{"line":148,"column":null}},{"start":{},"end":{}}],"line":146}},"s":{"0":1,"1":1,"2":1,"3":80,"4":1,"5":636,"6":636,"7":636,"8":636,"9":636,"10":0,"11":636,"12":636,"13":1,"14":1,"15":212,"16":212,"17":1,"18":1,"19":212,"20":212,"21":1,"22":1,"23":212,"24":212,"25":1,"26":1,"27":0,"28":0,"29":1,"30":1,"31":212,"32":212,"33":212,"34":110,"35":102,"36":1},"f":{"0":80,"1":636,"2":212,"3":212,"4":212,"5":0,"6":212},"b":{"0":[0,636],"1":[212,102],"2":[110,102],"3":[102,110],"4":[110,102]},"meta":{"lastBranch":5,"lastFunction":7,"lastStatement":37,"seen":{"s:11:13:11:Infinity":0,"s:20:25:22:Infinity":1,"s:24:6:35:Infinity":2,"f:24:6:24:Infinity":0,"s:30:2:33:Infinity":3,"s:37:6:58:Infinity":4,"f:37:6:37:27":1,"s:38:23:38:Infinity":5,"s:39:22:39:Infinity":6,"s:40:25:40:Infinity":7,"s:42:21:42:Infinity":8,"b:44:2:46:Infinity:undefined:undefined:undefined:undefined":0,"s:44:2:46:Infinity":9,"s:45:4:45:Infinity":10,"s:48:17:48:Infinity":11,"s:50:2:57:Infinity":12,"s:64:24:66:Infinity":13,"s:68:17:79:Infinity":14,"f:68:23:68:Infinity":2,"s:72:13:72:Infinity":15,"s:74:2:77:Infinity":16,"s:80:0:80:Infinity":17,"s:82:18:96:Infinity":18,"f:82:24:82:Infinity":3,"s:86:32:86:Infinity":19,"s:88:2:94:Infinity":20,"b:91:20:91:29:91:29:91:49":1,"s:97:0:97:Infinity":21,"s:99:20:119:Infinity":22,"f:99:26:99:Infinity":4,"s:104:4:104:Infinity":23,"s:106:2:117:Infinity":24,"b:112:12:112:Infinity:113:12:113:Infinity":2,"s:120:0:120:Infinity":25,"s:122:24:136:Infinity":26,"f:122:30:122:Infinity":5,"s:126:32:126:Infinity":27,"s:128:2:134:Infinity":28,"s:137:0:137:Infinity":29,"s:139:20:160:Infinity":30,"f:139:26:139:Infinity":6,"s:143:35:143:Infinity":31,"s:144:15:144:Infinity":32,"b:144:23:144:48:144:48:144:Infinity":3,"b:146:2:148:Infinity:undefined:undefined:undefined:undefined":4,"s:146:2:148:Infinity":33,"s:147:4:147:Infinity":34,"s:150:2:158:Infinity":35,"s:161:0:161:Infinity":36},"fnNames":{}}}
,"C:\\Users\\goliveira\\Desktop\\bayarchon\\front-end\\src\\components\\ui\\input.tsx": {"path":"C:\\Users\\goliveira\\Desktop\\bayarchon\\front-end\\src\\components\\ui\\input.tsx","statementMap":{"0":{"start":{"line":6,"column":2},"end":{"line":15,"column":null}}},"fnMap":{"0":{"name":"Input","decl":{"start":{"line":5,"column":9},"end":{"line":5,"column":15}},"loc":{"start":{"line":5,"column":77},"end":{"line":17,"column":null}},"line":5}},"branchMap":{},"s":{"0":212},"f":{"0":212},"b":{},"meta":{"lastBranch":0,"lastFunction":1,"lastStatement":1,"seen":{"f:5:9:5:15":0,"s:6:2:15:Infinity":0},"fnNames":{}}}
,"C:\\Users\\goliveira\\Desktop\\bayarchon\\front-end\\src\\components\\ui\\label.tsx": {"path":"C:\\Users\\goliveira\\Desktop\\bayarchon\\front-end\\src\\components\\ui\\label.tsx","statementMap":{"0":{"start":{"line":10,"column":2},"end":{"line":18,"column":null}}},"fnMap":{"0":{"name":"Label","decl":{"start":{"line":6,"column":9},"end":{"line":6,"column":15}},"loc":{"start":{"line":9,"column":53},"end":{"line":20,"column":null}},"line":9}},"branchMap":{},"s":{"0":212},"f":{"0":212},"b":{},"meta":{"lastBranch":0,"lastFunction":1,"lastStatement":1,"seen":{"f:6:9:6:15":0,"s:10:2:18:Infinity":0},"fnNames":{}}}
,"C:\\Users\\goliveira\\Desktop\\bayarchon\\front-end\\src\\components\\ui\\requiredasterisk.tsx": {"path":"C:\\Users\\goliveira\\Desktop\\bayarchon\\front-end\\src\\components\\ui\\requiredasterisk.tsx","statementMap":{"0":{"start":{"line":9,"column":2},"end":{"line":19,"column":null}}},"fnMap":{"0":{"name":"RequiredAsterisk","decl":{"start":{"line":8,"column":16},"end":{"line":8,"column":35}},"loc":{"start":{"line":8,"column":35},"end":{"line":21,"column":null}},"line":8}},"branchMap":{},"s":{"0":212},"f":{"0":212},"b":{},"meta":{"lastBranch":0,"lastFunction":1,"lastStatement":1,"seen":{"f:8:16:8:35":0,"s:9:2:19:Infinity":0},"fnNames":{}}}
,"C:\\Users\\goliveira\\Desktop\\bayarchon\\front-end\\src\\components\\ui\\tooltip.tsx": {"path":"C:\\Users\\goliveira\\Desktop\\bayarchon\\front-end\\src\\components\\ui\\tooltip.tsx","statementMap":{"0":{"start":{"line":10,"column":2},"end":{"line":15,"column":null}},"1":{"start":{"line":22,"column":2},"end":{"line":22,"column":null}},"2":{"start":{"line":28,"column":2},"end":{"line":28,"column":null}},"3":{"start":{"line":37,"column":2},"end":{"line":51,"column":null}}},"fnMap":{"0":{"name":"TooltipProvider","decl":{"start":{"line":6,"column":9},"end":{"line":6,"column":25}},"loc":{"start":{"line":9,"column":59},"end":{"line":17,"column":null}},"line":9},"1":{"name":"Tooltip","decl":{"start":{"line":19,"column":9},"end":{"line":19,"column":17}},"loc":{"start":{"line":21,"column":55},"end":{"line":23,"column":null}},"line":21},"2":{"name":"TooltipTrigger","decl":{"start":{"line":25,"column":9},"end":{"line":25,"column":24}},"loc":{"start":{"line":27,"column":58},"end":{"line":29,"column":null}},"line":27},"3":{"name":"TooltipContent","decl":{"start":{"line":31,"column":9},"end":{"line":31,"column":24}},"loc":{"start":{"line":36,"column":58},"end":{"line":53,"column":null}},"line":36}},"branchMap":{"0":{"loc":{"start":{"line":7,"column":2},"end":{"line":7,"column":null}},"type":"default-arg","locations":[{"start":{"line":7,"column":18},"end":{"line":7,"column":null}}],"line":7},"1":{"loc":{"start":{"line":33,"column":2},"end":{"line":33,"column":null}},"type":"default-arg","locations":[{"start":{"line":33,"column":15},"end":{"line":33,"column":null}}],"line":33}},"s":{"0":212,"1":212,"2":212,"3":212},"f":{"0":212,"1":212,"2":212,"3":212},"b":{"0":[212],"1":[212]},"meta":{"lastBranch":2,"lastFunction":4,"lastStatement":4,"seen":{"f:6:9:6:25":0,"b:7:18:7:Infinity":0,"s:10:2:15:Infinity":0,"f:19:9:19:17":1,"s:22:2:22:Infinity":1,"f:25:9:25:24":2,"s:28:2:28:Infinity":2,"f:31:9:31:24":3,"b:33:15:33:Infinity":1,"s:37:2:51:Infinity":3},"fnNames":{}}}
,"C:\\Users\\goliveira\\Desktop\\bayarchon\\front-end\\src\\hooks\\UseAuth.ts": {"path":"C:\\Users\\goliveira\\Desktop\\bayarchon\\front-end\\src\\hooks\\UseAuth.ts","statementMap":{"0":{"start":{"line":15,"column":2},"end":{"line":23,"column":null}},"1":{"start":{"line":16,"column":17},"end":{"line":16,"column":null}},"2":{"start":{"line":18,"column":6},"end":{"line":18,"column":null}},"3":{"start":{"line":21,"column":6},"end":{"line":21,"column":null}},"4":{"start":{"line":27,"column":2},"end":{"line":29,"column":null}},"5":{"start":{"line":28,"column":17},"end":{"line":28,"column":null}},"6":{"start":{"line":33,"column":2},"end":{"line":35,"column":null}},"7":{"start":{"line":34,"column":17},"end":{"line":34,"column":null}},"8":{"start":{"line":39,"column":2},"end":{"line":41,"column":null}},"9":{"start":{"line":40,"column":17},"end":{"line":40,"column":null}}},"fnMap":{"0":{"name":"useRegisterUser","decl":{"start":{"line":14,"column":16},"end":{"line":14,"column":34}},"loc":{"start":{"line":14,"column":34},"end":{"line":24,"column":null}},"line":14},"1":{"name":"(anonymous_1)","decl":{"start":{"line":16,"column":4},"end":{"line":16,"column":17}},"loc":{"start":{"line":16,"column":17},"end":{"line":16,"column":null}},"line":16},"2":{"name":"(anonymous_2)","decl":{"start":{"line":17,"column":4},"end":{"line":17,"column":21}},"loc":{"start":{"line":17,"column":21},"end":{"line":19,"column":null}},"line":17},"3":{"name":"(anonymous_3)","decl":{"start":{"line":20,"column":4},"end":{"line":20,"column":14}},"loc":{"start":{"line":20,"column":24},"end":{"line":22,"column":null}},"line":20},"4":{"name":"useSendRedefinePassword","decl":{"start":{"line":26,"column":16},"end":{"line":26,"column":42}},"loc":{"start":{"line":26,"column":42},"end":{"line":30,"column":null}},"line":26},"5":{"name":"(anonymous_5)","decl":{"start":{"line":28,"column":4},"end":{"line":28,"column":17}},"loc":{"start":{"line":28,"column":17},"end":{"line":28,"column":null}},"line":28},"6":{"name":"useFirstAccess","decl":{"start":{"line":32,"column":16},"end":{"line":32,"column":33}},"loc":{"start":{"line":32,"column":33},"end":{"line":36,"column":null}},"line":32},"7":{"name":"(anonymous_7)","decl":{"start":{"line":34,"column":4},"end":{"line":34,"column":17}},"loc":{"start":{"line":34,"column":17},"end":{"line":34,"column":null}},"line":34},"8":{"name":"useUpdatePassword","decl":{"start":{"line":38,"column":16},"end":{"line":38,"column":36}},"loc":{"start":{"line":38,"column":36},"end":{"line":42,"column":null}},"line":38},"9":{"name":"(anonymous_9)","decl":{"start":{"line":40,"column":4},"end":{"line":40,"column":17}},"loc":{"start":{"line":40,"column":17},"end":{"line":40,"column":null}},"line":40}},"branchMap":{},"s":{"0":4,"1":2,"2":1,"3":1,"4":2,"5":1,"6":2,"7":1,"8":2,"9":1},"f":{"0":4,"1":2,"2":1,"3":1,"4":2,"5":1,"6":2,"7":1,"8":2,"9":1},"b":{},"meta":{"lastBranch":0,"lastFunction":10,"lastStatement":10,"seen":{"f:14:16:14:34":0,"s:15:2:23:Infinity":0,"f:16:4:16:17":1,"s:16:17:16:Infinity":1,"f:17:4:17:21":2,"s:18:6:18:Infinity":2,"f:20:4:20:14":3,"s:21:6:21:Infinity":3,"f:26:16:26:42":4,"s:27:2:29:Infinity":4,"f:28:4:28:17":5,"s:28:17:28:Infinity":5,"f:32:16:32:33":6,"s:33:2:35:Infinity":6,"f:34:4:34:17":7,"s:34:17:34:Infinity":7,"f:38:16:38:36":8,"s:39:2:41:Infinity":8,"f:40:4:40:17":9,"s:40:17:40:Infinity":9},"fnNames":{}}}
,"C:\\Users\\goliveira\\Desktop\\bayarchon\\front-end\\src\\lib\\utils.ts": {"path":"C:\\Users\\goliveira\\Desktop\\bayarchon\\front-end\\src\\lib\\utils.ts","statementMap":{"0":{"start":{"line":5,"column":2},"end":{"line":5,"column":null}}},"fnMap":{"0":{"name":"cn","decl":{"start":{"line":4,"column":16},"end":{"line":4,"column":19}},"loc":{"start":{"line":4,"column":44},"end":{"line":6,"column":null}},"line":4}},"branchMap":{},"s":{"0":1204},"f":{"0":1204},"b":{},"meta":{"lastBranch":0,"lastFunction":1,"lastStatement":1,"seen":{"f:4:16:4:19":0,"s:5:2:5:Infinity":0},"fnNames":{}}}
,"C:\\Users\\goliveira\\Desktop\\bayarchon\\front-end\\src\\services\\auth.service.ts": {"path":"C:\\Users\\goliveira\\Desktop\\bayarchon\\front-end\\src\\services\\auth.service.ts","statementMap":{"0":{"start":{"line":9,"column":18},"end":{"line":9,"column":null}},"1":{"start":{"line":10,"column":23},"end":{"line":10,"column":null}},"2":{"start":{"line":12,"column":19},"end":{"line":20,"column":null}},"3":{"start":{"line":22,"column":2},"end":{"line":35,"column":null}},"4":{"start":{"line":23,"column":22},"end":{"line":23,"column":null}},"5":{"start":{"line":26,"column":4},"end":{"line":32,"column":null}},"6":{"start":{"line":27,"column":24},"end":{"line":27,"column":null}},"7":{"start":{"line":28,"column":6},"end":{"line":29,"column":null}},"8":{"start":{"line":31,"column":6},"end":{"line":31,"column":null}},"9":{"start":{"line":34,"column":4},"end":{"line":34,"column":null}},"10":{"start":{"line":37,"column":2},"end":{"line":37,"column":null}},"11":{"start":{"line":51,"column":18},"end":{"line":51,"column":null}},"12":{"start":{"line":52,"column":23},"end":{"line":52,"column":null}},"13":{"start":{"line":54,"column":19},"end":{"line":65,"column":null}},"14":{"start":{"line":67,"column":2},"end":{"line":78,"column":null}},"15":{"start":{"line":68,"column":22},"end":{"line":68,"column":null}},"16":{"start":{"line":70,"column":4},"end":{"line":76,"column":null}},"17":{"start":{"line":71,"column":24},"end":{"line":71,"column":null}},"18":{"start":{"line":72,"column":6},"end":{"line":73,"column":null}},"19":{"start":{"line":75,"column":6},"end":{"line":75,"column":null}},"20":{"start":{"line":77,"column":4},"end":{"line":77,"column":null}},"21":{"start":{"line":80,"column":2},"end":{"line":80,"column":null}},"22":{"start":{"line":84,"column":18},"end":{"line":84,"column":null}},"23":{"start":{"line":85,"column":23},"end":{"line":85,"column":null}},"24":{"start":{"line":87,"column":21},"end":{"line":89,"column":null}},"25":{"start":{"line":91,"column":19},"end":{"line":105,"column":null}},"26":{"start":{"line":107,"column":2},"end":{"line":118,"column":null}},"27":{"start":{"line":108,"column":22},"end":{"line":108,"column":null}},"28":{"start":{"line":110,"column":4},"end":{"line":116,"column":null}},"29":{"start":{"line":111,"column":24},"end":{"line":111,"column":null}},"30":{"start":{"line":112,"column":6},"end":{"line":113,"column":null}},"31":{"start":{"line":115,"column":6},"end":{"line":115,"column":null}},"32":{"start":{"line":117,"column":4},"end":{"line":117,"column":null}},"33":{"start":{"line":120,"column":2},"end":{"line":120,"column":null}},"34":{"start":{"line":124,"column":18},"end":{"line":124,"column":null}},"35":{"start":{"line":125,"column":23},"end":{"line":125,"column":null}},"36":{"start":{"line":127,"column":21},"end":{"line":129,"column":null}},"37":{"start":{"line":131,"column":19},"end":{"line":142,"column":null}},"38":{"start":{"line":144,"column":2},"end":{"line":155,"column":null}},"39":{"start":{"line":145,"column":22},"end":{"line":145,"column":null}},"40":{"start":{"line":147,"column":4},"end":{"line":153,"column":null}},"41":{"start":{"line":148,"column":24},"end":{"line":148,"column":null}},"42":{"start":{"line":149,"column":6},"end":{"line":150,"column":null}},"43":{"start":{"line":152,"column":6},"end":{"line":152,"column":null}},"44":{"start":{"line":154,"column":4},"end":{"line":154,"column":null}},"45":{"start":{"line":157,"column":2},"end":{"line":157,"column":null}}},"fnMap":{"0":{"name":"registerUserAPI","decl":{"start":{"line":8,"column":61},"end":{"line":8,"column":null}},"loc":{"start":{"line":8,"column":61},"end":{"line":38,"column":null}},"line":8},"1":{"name":"sendRedefinePasswordAPI","decl":{"start":{"line":50,"column":22},"end":{"line":50,"column":46}},"loc":{"start":{"line":50,"column":73},"end":{"line":81,"column":null}},"line":50},"2":{"name":"firstAccessAPI","decl":{"start":{"line":83,"column":22},"end":{"line":83,"column":37}},"loc":{"start":{"line":83,"column":66},"end":{"line":121,"column":null}},"line":83},"3":{"name":"updatePasswordAPI","decl":{"start":{"line":123,"column":22},"end":{"line":123,"column":40}},"loc":{"start":{"line":123,"column":69},"end":{"line":158,"column":null}},"line":123}},"branchMap":{"0":{"loc":{"start":{"line":22,"column":2},"end":{"line":35,"column":null}},"type":"if","locations":[{"start":{"line":22,"column":2},"end":{"line":35,"column":null}},{"start":{},"end":{}}],"line":22},"1":{"loc":{"start":{"line":29,"column":8},"end":{"line":29,"column":null}},"type":"binary-expr","locations":[{"start":{"line":29,"column":8},"end":{"line":29,"column":29}},{"start":{"line":29,"column":29},"end":{"line":29,"column":48}},{"start":{"line":29,"column":48},"end":{"line":29,"column":null}}],"line":29},"2":{"loc":{"start":{"line":31,"column":21},"end":{"line":31,"column":null}},"type":"binary-expr","locations":[{"start":{"line":31,"column":21},"end":{"line":31,"column":34}},{"start":{"line":31,"column":34},"end":{"line":31,"column":null}}],"line":31},"3":{"loc":{"start":{"line":67,"column":2},"end":{"line":78,"column":null}},"type":"if","locations":[{"start":{"line":67,"column":2},"end":{"line":78,"column":null}},{"start":{},"end":{}}],"line":67},"4":{"loc":{"start":{"line":73,"column":8},"end":{"line":73,"column":null}},"type":"binary-expr","locations":[{"start":{"line":73,"column":8},"end":{"line":73,"column":29}},{"start":{"line":73,"column":29},"end":{"line":73,"column":48}},{"start":{"line":73,"column":48},"end":{"line":73,"column":null}}],"line":73},"5":{"loc":{"start":{"line":75,"column":21},"end":{"line":75,"column":null}},"type":"binary-expr","locations":[{"start":{"line":75,"column":21},"end":{"line":75,"column":34}},{"start":{"line":75,"column":34},"end":{"line":75,"column":null}}],"line":75},"6":{"loc":{"start":{"line":87,"column":21},"end":{"line":89,"column":null}},"type":"cond-expr","locations":[{"start":{"line":88,"column":6},"end":{"line":88,"column":null}},{"start":{"line":89,"column":6},"end":{"line":89,"column":null}}],"line":87},"7":{"loc":{"start":{"line":107,"column":2},"end":{"line":118,"column":null}},"type":"if","locations":[{"start":{"line":107,"column":2},"end":{"line":118,"column":null}},{"start":{},"end":{}}],"line":107},"8":{"loc":{"start":{"line":113,"column":8},"end":{"line":113,"column":null}},"type":"binary-expr","locations":[{"start":{"line":113,"column":8},"end":{"line":113,"column":29}},{"start":{"line":113,"column":29},"end":{"line":113,"column":48}},{"start":{"line":113,"column":48},"end":{"line":113,"column":null}}],"line":113},"9":{"loc":{"start":{"line":115,"column":21},"end":{"line":115,"column":null}},"type":"binary-expr","locations":[{"start":{"line":115,"column":21},"end":{"line":115,"column":34}},{"start":{"line":115,"column":34},"end":{"line":115,"column":null}}],"line":115},"10":{"loc":{"start":{"line":127,"column":21},"end":{"line":129,"column":null}},"type":"cond-expr","locations":[{"start":{"line":128,"column":6},"end":{"line":128,"column":null}},{"start":{"line":129,"column":6},"end":{"line":129,"column":null}}],"line":127},"11":{"loc":{"start":{"line":144,"column":2},"end":{"line":155,"column":null}},"type":"if","locations":[{"start":{"line":144,"column":2},"end":{"line":155,"column":null}},{"start":{},"end":{}}],"line":144},"12":{"loc":{"start":{"line":150,"column":8},"end":{"line":150,"column":null}},"type":"binary-expr","locations":[{"start":{"line":150,"column":8},"end":{"line":150,"column":29}},{"start":{"line":150,"column":29},"end":{"line":150,"column":48}},{"start":{"line":150,"column":48},"end":{"line":150,"column":null}}],"line":150},"13":{"loc":{"start":{"line":152,"column":21},"end":{"line":152,"column":null}},"type":"binary-expr","locations":[{"start":{"line":152,"column":21},"end":{"line":152,"column":34}},{"start":{"line":152,"column":34},"end":{"line":152,"column":null}}],"line":152}},"s":{"0":6,"1":6,"2":6,"3":6,"4":5,"5":5,"6":5,"7":5,"8":2,"9":5,"10":1,"11":6,"12":6,"13":6,"14":6,"15":5,"16":5,"17":5,"18":5,"19":2,"20":5,"21":1,"22":7,"23":7,"24":7,"25":7,"26":7,"27":5,"28":5,"29":5,"30":5,"31":2,"32":5,"33":2,"34":7,"35":7,"36":7,"37":7,"38":7,"39":5,"40":5,"41":5,"42":5,"43":2,"44":5,"45":2},"f":{"0":6,"1":6,"2":7,"3":7},"b":{"0":[5,1],"1":[5,2,1],"2":[2,1],"3":[5,1],"4":[5,2,1],"5":[2,1],"6":[1,6],"7":[5,2],"8":[5,2,1],"9":[2,1],"10":[6,1],"11":[5,2],"12":[5,2,1],"13":[2,1]},"meta":{"lastBranch":14,"lastFunction":4,"lastStatement":46,"seen":{"f:8:61:8:Infinity":0,"s:9:18:9:Infinity":0,"s:10:23:10:Infinity":1,"s:12:19:20:Infinity":2,"b:22:2:35:Infinity:undefined:undefined:undefined:undefined":0,"s:22:2:35:Infinity":3,"s:23:22:23:Infinity":4,"s:26:4:32:Infinity":5,"s:27:24:27:Infinity":6,"s:28:6:29:Infinity":7,"b:29:8:29:29:29:29:29:48:29:48:29:Infinity":1,"s:31:6:31:Infinity":8,"b:31:21:31:34:31:34:31:Infinity":2,"s:34:4:34:Infinity":9,"s:37:2:37:Infinity":10,"f:50:22:50:46":1,"s:51:18:51:Infinity":11,"s:52:23:52:Infinity":12,"s:54:19:65:Infinity":13,"b:67:2:78:Infinity:undefined:undefined:undefined:undefined":3,"s:67:2:78:Infinity":14,"s:68:22:68:Infinity":15,"s:70:4:76:Infinity":16,"s:71:24:71:Infinity":17,"s:72:6:73:Infinity":18,"b:73:8:73:29:73:29:73:48:73:48:73:Infinity":4,"s:75:6:75:Infinity":19,"b:75:21:75:34:75:34:75:Infinity":5,"s:77:4:77:Infinity":20,"s:80:2:80:Infinity":21,"f:83:22:83:37":2,"s:84:18:84:Infinity":22,"s:85:23:85:Infinity":23,"s:87:21:89:Infinity":24,"b:88:6:88:Infinity:89:6:89:Infinity":6,"s:91:19:105:Infinity":25,"b:107:2:118:Infinity:undefined:undefined:undefined:undefined":7,"s:107:2:118:Infinity":26,"s:108:22:108:Infinity":27,"s:110:4:116:Infinity":28,"s:111:24:111:Infinity":29,"s:112:6:113:Infinity":30,"b:113:8:113:29:113:29:113:48:113:48:113:Infinity":8,"s:115:6:115:Infinity":31,"b:115:21:115:34:115:34:115:Infinity":9,"s:117:4:117:Infinity":32,"s:120:2:120:Infinity":33,"f:123:22:123:40":3,"s:124:18:124:Infinity":34,"s:125:23:125:Infinity":35,"s:127:21:129:Infinity":36,"b:128:6:128:Infinity:129:6:129:Infinity":10,"s:131:19:142:Infinity":37,"b:144:2:155:Infinity:undefined:undefined:undefined:undefined":11,"s:144:2:155:Infinity":38,"s:145:22:145:Infinity":39,"s:147:4:153:Infinity":40,"s:148:24:148:Infinity":41,"s:149:6:150:Infinity":42,"b:150:8:150:29:150:29:150:48:150:48:150:Infinity":12,"s:152:6:152:Infinity":43,"b:152:21:152:34:152:34:152:Infinity":13,"s:154:4:154:Infinity":44,"s:157:2:157:Infinity":45},"fnNames":{}}}
}
